Arguments: 
  /usr/bin/node /mnt/c/Users/Alexandre/AppData/Roaming/npm/node_modules/yarn/bin/yarn.js add simulus-rails-form

PATH: 
  /home/alexandrepateis/.vscode-server/bin/6261075646f055b99068d3688932416f2346dd3b/bin/remote-cli:/home/alexandrepateis/.rvm/gems/ruby-3.0.0/bin:/home/alexandrepateis/.rvm/gems/ruby-3.0.0@global/bin:/home/alexandrepateis/.rvm/rubies/ruby-3.0.0/bin:/home/alexandrepateis/.rvm/bin:/usr/local/sbin:/usr/local/bin:/usr/sbin:/usr/bin:/sbin:/bin:/usr/games:/usr/local/games:/usr/lib/wsl/lib:/mnt/c/Program Files (x86)/Windows Resource Kits/Tools:/mnt/c/Program Files (x86)/Intel/iCLS Client:/mnt/c/Program Files/Intel/iCLS Client:/mnt/c/Windows/system32:/mnt/c/Windows:/mnt/c/Windows/System32/Wbem:/mnt/c/Windows/System32/WindowsPowerShell/v1.0:/mnt/c/Windows/System32/OpenSSH:/mnt/c/Program Files (x86)/Intel/Intel(R) Management Engine Components/DAL:/mnt/c/Program Files/Intel/Intel(R) Management Engine Components/DAL:/mnt/c/Program Files (x86)/Intel/Intel(R) Management Engine Components/IPT:/mnt/c/Program Files/Intel/Intel(R) Management Engine Components/IPT:/mnt/c/Program Files (x86)/NVIDIA Corporation/PhysX/Common:/mnt/c/WINDOWS/system32:/mnt/c/WINDOWS:/mnt/c/WINDOWS/System32/Wbem:/mnt/c/WINDOWS/System32/WindowsPowerShell/v1.0:/mnt/c/WINDOWS/System32/OpenSSH:/mnt/c/Program Files/dotnet:/mnt/c/MinGW/bin:/mnt/c/WINDOWS/system32:/mnt/c/WINDOWS:/mnt/c/WINDOWS/System32/Wbem:/mnt/c/WINDOWS/System32/WindowsPowerShell/v1.0:/mnt/c/WINDOWS/System32/OpenSSH:/mnt/c/Program Files/NVIDIA Corporation/NVIDIA NvDLISR:/mnt/c/Program Files/nodejs:/mnt/c/Program Files/Git/cmd:/mnt/c/Ruby31-x64/bin:/mnt/c/Users/Alexandre/AppData/Local/Programs/Python/Python39/Scripts:/mnt/c/Users/Alexandre/AppData/Local/Programs/Python/Python39:/mnt/c/Ruby27-x64/bin:/mnt/c/Users/Alexandre/AppData/Local/Microsoft/WindowsApps:/mnt/c/Users/Alexandre/AppData/Local/GitHubDesktop/bin:/mnt/c/Users/Alexandre/.dotnet/tools:/mnt/c/Users/Alexandre/AppData/Local/Programs/Microsoft VS Code/bin:/mnt/c/Users/Alexandre/AppData/Local/Microsoft/WindowsApps:/mnt/c/Users/Alexandre/.dotnet/tools:/mnt/c/Users/Alexandre/AppData/Roaming/npm:/snap/bin:/home/alexandrepateis/.rvm/bin

Yarn version: 
  1.22.19

Node version: 
  13.14.0

Platform: 
  linux x64

Trace: 
  Error: https://registry.yarnpkg.com/simulus-rails-form: Not found
      at Request.params.callback [as _callback] (/mnt/c/Users/Alexandre/AppData/Roaming/npm/node_modules/yarn/lib/cli.js:66145:18)
      at Request.self.callback (/mnt/c/Users/Alexandre/AppData/Roaming/npm/node_modules/yarn/lib/cli.js:140890:22)
      at Request.emit (events.js:315:20)
      at Request.<anonymous> (/mnt/c/Users/Alexandre/AppData/Roaming/npm/node_modules/yarn/lib/cli.js:141862:10)
      at Request.emit (events.js:315:20)
      at IncomingMessage.<anonymous> (/mnt/c/Users/Alexandre/AppData/Roaming/npm/node_modules/yarn/lib/cli.js:141784:12)
      at Object.onceWrapper (events.js:421:28)
      at IncomingMessage.emit (events.js:327:22)
      at endReadableNT (_stream_readable.js:1201:12)
      at processTicksAndRejections (internal/process/task_queues.js:84:21)

npm manifest: 
  {
    "dependencies": {
      "@nathanvda/cocoon": "^1.2.14",
      "jquery": "^3.6.1",
      "stimulus-rails-nested-form": "^4.0.0"
    }
  }

yarn manifest: 
  No manifest

Lockfile: 
  # THIS IS AN AUTOGENERATED FILE. DO NOT EDIT THIS FILE DIRECTLY.
  # yarn lockfile v1
  
  
  "@nathanvda/cocoon@^1.2.14":
    version "1.2.14"
    resolved "https://registry.yarnpkg.com/@nathanvda/cocoon/-/cocoon-1.2.14.tgz#aaea910e4b9c0d28d5bdcb7f3743617db46b09af"
    integrity sha512-WcEt2vVp50de2i7rkD4O+96O1iMtMIcTBNGPocrHfcmHDujKOngoLHFF8Ektgoh8PjwFAJMxx8WyGv0BtKTjxQ==
    dependencies:
      jquery "^3.3.1"
  
  jquery@^3.3.1, jquery@^3.6.1:
    version "3.6.1"
    resolved "https://registry.yarnpkg.com/jquery/-/jquery-3.6.1.tgz#fab0408f8b45fc19f956205773b62b292c147a16"
    integrity sha512-opJeO4nCucVnsjiXOE+/PcCgYw9Gwpvs/a6B1LL/lQhwWwpbVEVYDZ1FokFr8PRc7ghYlrFPuyHuiiDNTQxmcw==
  
  stimulus-rails-nested-form@^4.0.0:
    version "4.0.0"
    resolved "https://registry.yarnpkg.com/stimulus-rails-nested-form/-/stimulus-rails-nested-form-4.0.0.tgz#cb9295a70081b6e1b9b05250533b1f92a9902d3b"
    integrity sha512-nE2dM0glgjBvUq/gzORJ+94wITOijoYMZWIrkXSNNH8BpELwH8zg9fuad0X+ZBrhjQrYuNW2R0zLgX69oIzMvw==
